<?xml version="1.0" encoding="UTF-8"?>
<!-- Generated by org.testng.reporters.JUnitXMLReporter -->
<testsuite hostname="LAPTOP-7PL90270" ignored="0" name="Create and Edit" tests="2" failures="0" timestamp="2023-09-21T22:28:42 IST" time="74.773" errors="0">
  <testcase name="CreateLeadTestCase" time="7.246" classname="assessments.week5.day2.CreateLeadTC001"/>
  <testcase name="EditLeadTestCase" time="12.654" classname="assessments.week5.day2.EditLeadTC002"/>
</testsuite> <!-- Create and Edit -->
