<?xml version="1.0" encoding="UTF-8"?>
<!-- Generated by org.testng.reporters.JUnitXMLReporter -->
<testsuite hostname="LAPTOP-7PL90270" ignored="0" name="Mergea and Duplicate" tests="3" failures="0" timestamp="2023-09-21T22:29:16 IST" time="109.613" errors="0">
  <testcase name="DuplicateLeadTestCase" time="14.013" classname="assessments.week5.day2.DuplicateLeadTC003"/>
  <testcase name="MergeLeadTestCase" time="23.899" classname="assessments.week5.day2.MergeLeadTC004"/>
  <testcase name="DeleteLeadTestCase" time="12.021" classname="assessments.week5.day2.DeleteLeadTC005"/>
</testsuite> <!-- Mergea and Duplicate -->
