<?xml version="1.0" encoding="UTF-8"?>
<!-- Generated by org.testng.reporters.JUnitXMLReporter -->
<testsuite hostname="LAPTOP-7PL90270" ignored="0" name="ChromeBrowserTest" tests="2" failures="0" timestamp="2023-09-23T21:23:08 IST" time="0.213" errors="0">
  <testcase name="CreateLeadTestCase" time="0.0" classname="week6.day1.CreateLead">
    <skipped/>
  </testcase> <!-- CreateLeadTestCase -->
  <testcase name="EditLeadTestCase" time="0.0" classname="week6.day1.EditLead">
    <skipped/>
  </testcase> <!-- EditLeadTestCase -->
</testsuite> <!-- ChromeBrowserTest -->
