<?xml version="1.0" encoding="UTF-8"?>
<!-- Generated by org.testng.reporters.JUnitXMLReporter -->
<testsuite hostname="LAPTOP-7PL90270" ignored="0" name="Testnew" tests="10" failures="0" timestamp="2023-09-21T21:43:30 IST" time="310.241" errors="0">
  <testcase name="editLeadTestCase02" time="25.496" classname="LearnExcel.EditLead"/>
  <testcase name="editLeadTestCase02" time="17.846" classname="LearnExcel.EditLead"/>
  <testcase name="editLeadTestCase02" time="26.434" classname="LearnExcel.EditLead"/>
  <testcase name="editLeadTestCase02" time="22.562" classname="LearnExcel.EditLead"/>
  <testcase name="editLeadTestCase02" time="17.406" classname="LearnExcel.EditLead"/>
  <testcase name="editLeadTestCase02" time="18.314" classname="LearnExcel.EditLead"/>
  <testcase name="editLeadTestCase02" time="17.372" classname="LearnExcel.EditLead"/>
  <testcase name="editLeadTestCase02" time="17.701" classname="LearnExcel.EditLead"/>
  <testcase name="editLeadTestCase02" time="17.64" classname="LearnExcel.EditLead"/>
  <testcase name="editLeadTestCase02" time="19.813" classname="LearnExcel.EditLead"/>
</testsuite> <!-- Testnew -->
