<?xml version="1.0" encoding="UTF-8"?>
<!-- Generated by org.testng.reporters.JUnitXMLReporter -->
<testsuite hostname="LAPTOP-7PL90270" ignored="0" name="Test" tests="10" failures="0" timestamp="2023-09-23T23:11:48 IST" time="243.813" errors="0">
  <testcase name="createLeadTestCase01" time="5.966" classname="assessments.week6.day1.CreateLead"/>
  <testcase name="createLeadTestCase01" time="6.611" classname="assessments.week6.day1.CreateLead"/>
  <testcase name="editLeadTestCase02" time="14.821" classname="assessments.week6.day1.EditLead"/>
  <testcase name="editLeadTestCase02" time="14.767" classname="assessments.week6.day1.EditLead"/>
  <testcase name="mergeLeadTestCase05" time="23.511" classname="assessments.week6.day1.MergeLead"/>
  <testcase name="mergeLeadTestCase05" time="22.54" classname="assessments.week6.day1.MergeLead"/>
  <testcase name="duplicateLeadTestCase03" time="16.048" classname="assessments.week6.day1.DuplicateLead"/>
  <testcase name="duplicateLeadTestCase03" time="15.82" classname="assessments.week6.day1.DuplicateLead"/>
  <testcase name="deleteLeadTestCase04" time="15.288" classname="assessments.week6.day1.DeleteLead"/>
  <testcase name="deleteLeadTestCase04" time="15.631" classname="assessments.week6.day1.DeleteLead"/>
</testsuite> <!-- Test -->
