<?xml version="1.0" encoding="UTF-8"?>
<testng-results skipped="0" failed="0" ignored="0" total="1" passed="1">
  <reporter-output>
  </reporter-output>
  <suite name="Default suite" duration-ms="24816" started-at="2023-10-07T12:40:36 IST" finished-at="2023-10-07T12:41:01 IST">
    <groups>
      <group name="cucumber">
        <method signature="AbstractTestNGCucumberTests.runScenario(io.cucumber.testng.PickleWrapper,io.cucumber.testng.FeatureWrapper)[pri:0, instance:runner.RunnerClass@149494d8]" name="runScenario" class="io.cucumber.testng.AbstractTestNGCucumberTests"/>
      </group> <!-- cucumber -->
    </groups>
    <test name="Default test" duration-ms="24816" started-at="2023-10-07T12:40:36 IST" finished-at="2023-10-07T12:41:01 IST">
      <class name="runner.RunnerClass">
        <test-method status="PASS" signature="setUpClass(org.testng.ITestContext)[pri:0, instance:runner.RunnerClass@149494d8]" name="setUpClass" is-config="true" duration-ms="1320" started-at="2023-10-07T12:40:36 IST" finished-at="2023-10-07T12:40:37 IST">
          <params>
            <param index="0">
              <value>
                <![CDATA[org.testng.TestRunner@62891fc8]]>
              </value>
            </param>
          </params>
          <reporter-output>
          </reporter-output>
        </test-method> <!-- setUpClass -->
        <test-method status="PASS" signature="runScenario(io.cucumber.testng.PickleWrapper,io.cucumber.testng.FeatureWrapper)[pri:0, instance:runner.RunnerClass@149494d8]" name="runScenario" duration-ms="21938" started-at="2023-10-07T12:40:37 IST" description="Runs Cucumber Scenarios" data-provider="scenarios" finished-at="2023-10-07T12:40:59 IST">
          <params>
            <param index="0">
              <value>
                <![CDATA["Edit Lead"]]>
              </value>
            </param>
            <param index="1">
              <value>
                <![CDATA["Verify the Create Lead functionality"]]>
              </value>
            </param>
          </params>
          <reporter-output>
          </reporter-output>
        </test-method> <!-- runScenario -->
        <test-method status="PASS" signature="tearDownClass()[pri:0, instance:runner.RunnerClass@149494d8]" name="tearDownClass" is-config="true" duration-ms="1489" started-at="2023-10-07T12:40:59 IST" finished-at="2023-10-07T12:41:01 IST">
          <reporter-output>
          </reporter-output>
        </test-method> <!-- tearDownClass -->
      </class> <!-- runner.RunnerClass -->
    </test> <!-- Default test -->
  </suite> <!-- Default suite -->
</testng-results>
