<?xml version="1.0" encoding="UTF-8"?>
<testng-results skipped="0" failed="0" ignored="0" total="10" passed="10">
  <reporter-output>
  </reporter-output>
  <suite name="Suite" duration-ms="243813" started-at="2023-09-23T23:07:44 IST" finished-at="2023-09-23T23:11:48 IST">
    <groups>
    </groups>
    <test name="Test" duration-ms="243813" started-at="2023-09-23T23:07:44 IST" finished-at="2023-09-23T23:11:48 IST">
      <class name="assessments.week6.day1.EditLead">
        <test-method status="PASS" signature="setData()[pri:0, instance:assessments.week6.day1.EditLead@80169cf]" name="setData" is-config="true" duration-ms="0" started-at="2023-09-23T23:07:44 IST" finished-at="2023-09-23T23:07:44 IST">
          <reporter-output>
          </reporter-output>
        </test-method> <!-- setData -->
        <test-method status="PASS" signature="precondition(java.lang.String,java.lang.String,java.lang.String,java.lang.String)[pri:0, instance:assessments.week6.day1.EditLead@80169cf]" name="precondition" is-config="true" duration-ms="5174" started-at="2023-09-23T23:08:36 IST" finished-at="2023-09-23T23:08:41 IST">
          <params>
            <param index="0">
              <value>
                <![CDATA[Chrome]]>
              </value>
            </param>
            <param index="1">
              <value>
                <![CDATA[http://leaftaps.com/opentaps/control/main]]>
              </value>
            </param>
            <param index="2">
              <value>
                <![CDATA[Demosalesmanager]]>
              </value>
            </param>
            <param index="3">
              <value>
                <![CDATA[crmsfa]]>
              </value>
            </param>
          </params>
          <reporter-output>
          </reporter-output>
        </test-method> <!-- precondition -->
        <test-method status="PASS" signature="editLeadTestCase02(java.lang.String,java.lang.String,java.lang.String,java.lang.String)[pri:0, instance:assessments.week6.day1.EditLead@80169cf]" name="editLeadTestCase02" duration-ms="14821" started-at="2023-09-23T23:08:41 IST" data-provider="dyno01" finished-at="2023-09-23T23:08:56 IST">
          <params>
            <param index="0">
              <value>
                <![CDATA[Demosalesmanager]]>
              </value>
            </param>
            <param index="1">
              <value>
                <![CDATA[crmsfa]]>
              </value>
            </param>
            <param index="2">
              <value>
                <![CDATA[Arief]]>
              </value>
            </param>
            <param index="3">
              <value>
                <![CDATA[Arief Company]]>
              </value>
            </param>
          </params>
          <reporter-output>
          </reporter-output>
        </test-method> <!-- editLeadTestCase02 -->
        <test-method status="PASS" signature="postCondition()[pri:0, instance:assessments.week6.day1.EditLead@80169cf]" name="postCondition" is-config="true" duration-ms="866" started-at="2023-09-23T23:08:56 IST" finished-at="2023-09-23T23:08:57 IST">
          <reporter-output>
          </reporter-output>
        </test-method> <!-- postCondition -->
        <test-method status="PASS" signature="precondition(java.lang.String,java.lang.String,java.lang.String,java.lang.String)[pri:0, instance:assessments.week6.day1.EditLead@80169cf]" name="precondition" is-config="true" duration-ms="6554" started-at="2023-09-23T23:08:57 IST" finished-at="2023-09-23T23:09:03 IST">
          <params>
            <param index="0">
              <value>
                <![CDATA[Chrome]]>
              </value>
            </param>
            <param index="1">
              <value>
                <![CDATA[http://leaftaps.com/opentaps/control/main]]>
              </value>
            </param>
            <param index="2">
              <value>
                <![CDATA[Demosalesmanager]]>
              </value>
            </param>
            <param index="3">
              <value>
                <![CDATA[crmsfa]]>
              </value>
            </param>
          </params>
          <reporter-output>
          </reporter-output>
        </test-method> <!-- precondition -->
        <test-method status="PASS" signature="editLeadTestCase02(java.lang.String,java.lang.String,java.lang.String,java.lang.String)[pri:0, instance:assessments.week6.day1.EditLead@80169cf]" name="editLeadTestCase02" duration-ms="14767" started-at="2023-09-23T23:09:03 IST" data-provider="dyno01" finished-at="2023-09-23T23:09:18 IST">
          <params>
            <param index="0">
              <value>
                <![CDATA[Demosalesmanager]]>
              </value>
            </param>
            <param index="1">
              <value>
                <![CDATA[crmsfa]]>
              </value>
            </param>
            <param index="2">
              <value>
                <![CDATA[Sharif]]>
              </value>
            </param>
            <param index="3">
              <value>
                <![CDATA[Petchi Company]]>
              </value>
            </param>
          </params>
          <reporter-output>
          </reporter-output>
        </test-method> <!-- editLeadTestCase02 -->
        <test-method status="PASS" signature="postCondition()[pri:0, instance:assessments.week6.day1.EditLead@80169cf]" name="postCondition" is-config="true" duration-ms="708" started-at="2023-09-23T23:09:18 IST" finished-at="2023-09-23T23:09:19 IST">
          <reporter-output>
          </reporter-output>
        </test-method> <!-- postCondition -->
      </class> <!-- assessments.week6.day1.EditLead -->
      <class name="assessments.week6.day1.CreateLead">
        <test-method status="PASS" signature="setData()[pri:0, instance:assessments.week6.day1.CreateLead@aecb35a]" name="setData" is-config="true" duration-ms="14" started-at="2023-09-23T23:07:44 IST" finished-at="2023-09-23T23:07:44 IST">
          <reporter-output>
          </reporter-output>
        </test-method> <!-- setData -->
        <test-method status="PASS" signature="precondition(java.lang.String,java.lang.String,java.lang.String,java.lang.String)[pri:0, instance:assessments.week6.day1.CreateLead@aecb35a]" name="precondition" is-config="true" duration-ms="31075" started-at="2023-09-23T23:07:45 IST" finished-at="2023-09-23T23:08:16 IST">
          <params>
            <param index="0">
              <value>
                <![CDATA[Chrome]]>
              </value>
            </param>
            <param index="1">
              <value>
                <![CDATA[http://leaftaps.com/opentaps/control/main]]>
              </value>
            </param>
            <param index="2">
              <value>
                <![CDATA[Demosalesmanager]]>
              </value>
            </param>
            <param index="3">
              <value>
                <![CDATA[crmsfa]]>
              </value>
            </param>
          </params>
          <reporter-output>
          </reporter-output>
        </test-method> <!-- precondition -->
        <test-method status="PASS" signature="createLeadTestCase01(java.lang.String,java.lang.String,java.lang.String,java.lang.String,java.lang.String,java.lang.String,java.lang.String,java.lang.String,java.lang.String,java.lang.String)[pri:0, instance:assessments.week6.day1.CreateLead@aecb35a]" name="createLeadTestCase01" duration-ms="5966" started-at="2023-09-23T23:08:16 IST" data-provider="dyno01" finished-at="2023-09-23T23:08:22 IST">
          <params>
            <param index="0">
              <value>
                <![CDATA[Demosalesmanager]]>
              </value>
            </param>
            <param index="1">
              <value>
                <![CDATA[crmsfa]]>
              </value>
            </param>
            <param index="2">
              <value>
                <![CDATA[Petchi Company]]>
              </value>
            </param>
            <param index="3">
              <value>
                <![CDATA[Petchimuthu]]>
              </value>
            </param>
            <param index="4">
              <value>
                <![CDATA[Kasimani]]>
              </value>
            </param>
            <param index="5">
              <value>
                <![CDATA[Gvslf]]>
              </value>
            </param>
            <param index="6">
              <value>
                <![CDATA[Vokpt]]>
              </value>
            </param>
            <param index="7">
              <value>
                <![CDATA[Yinuq]]>
              </value>
            </param>
            <param index="8">
              <value>
                <![CDATA[test@gmail.com]]>
              </value>
            </param>
            <param index="9">
              <value>
                <![CDATA[New York]]>
              </value>
            </param>
          </params>
          <reporter-output>
          </reporter-output>
        </test-method> <!-- createLeadTestCase01 -->
        <test-method status="PASS" signature="postCondition()[pri:0, instance:assessments.week6.day1.CreateLead@aecb35a]" name="postCondition" is-config="true" duration-ms="709" started-at="2023-09-23T23:08:22 IST" finished-at="2023-09-23T23:08:23 IST">
          <reporter-output>
          </reporter-output>
        </test-method> <!-- postCondition -->
        <test-method status="PASS" signature="precondition(java.lang.String,java.lang.String,java.lang.String,java.lang.String)[pri:0, instance:assessments.week6.day1.CreateLead@aecb35a]" name="precondition" is-config="true" duration-ms="5886" started-at="2023-09-23T23:08:23 IST" finished-at="2023-09-23T23:08:29 IST">
          <params>
            <param index="0">
              <value>
                <![CDATA[Chrome]]>
              </value>
            </param>
            <param index="1">
              <value>
                <![CDATA[http://leaftaps.com/opentaps/control/main]]>
              </value>
            </param>
            <param index="2">
              <value>
                <![CDATA[Demosalesmanager]]>
              </value>
            </param>
            <param index="3">
              <value>
                <![CDATA[crmsfa]]>
              </value>
            </param>
          </params>
          <reporter-output>
          </reporter-output>
        </test-method> <!-- precondition -->
        <test-method status="PASS" signature="createLeadTestCase01(java.lang.String,java.lang.String,java.lang.String,java.lang.String,java.lang.String,java.lang.String,java.lang.String,java.lang.String,java.lang.String,java.lang.String)[pri:0, instance:assessments.week6.day1.CreateLead@aecb35a]" name="createLeadTestCase01" duration-ms="6611" started-at="2023-09-23T23:08:29 IST" data-provider="dyno01" finished-at="2023-09-23T23:08:35 IST">
          <params>
            <param index="0">
              <value>
                <![CDATA[Demosalesmanager]]>
              </value>
            </param>
            <param index="1">
              <value>
                <![CDATA[crmsfa]]>
              </value>
            </param>
            <param index="2">
              <value>
                <![CDATA[kpm Company]]>
              </value>
            </param>
            <param index="3">
              <value>
                <![CDATA[Petchimuthu]]>
              </value>
            </param>
            <param index="4">
              <value>
                <![CDATA[Muthu]]>
              </value>
            </param>
            <param index="5">
              <value>
                <![CDATA[Uexei]]>
              </value>
            </param>
            <param index="6">
              <value>
                <![CDATA[Pzmwo]]>
              </value>
            </param>
            <param index="7">
              <value>
                <![CDATA[Zzsuy]]>
              </value>
            </param>
            <param index="8">
              <value>
                <![CDATA[test@gmail.com]]>
              </value>
            </param>
            <param index="9">
              <value>
                <![CDATA[New York]]>
              </value>
            </param>
          </params>
          <reporter-output>
          </reporter-output>
        </test-method> <!-- createLeadTestCase01 -->
        <test-method status="PASS" signature="postCondition()[pri:0, instance:assessments.week6.day1.CreateLead@aecb35a]" name="postCondition" is-config="true" duration-ms="663" started-at="2023-09-23T23:08:35 IST" finished-at="2023-09-23T23:08:36 IST">
          <reporter-output>
          </reporter-output>
        </test-method> <!-- postCondition -->
      </class> <!-- assessments.week6.day1.CreateLead -->
      <class name="assessments.week6.day1.DeleteLead">
        <test-method status="PASS" signature="setData()[pri:0, instance:assessments.week6.day1.DeleteLead@543e710e]" name="setData" is-config="true" duration-ms="0" started-at="2023-09-23T23:07:44 IST" finished-at="2023-09-23T23:07:44 IST">
          <reporter-output>
          </reporter-output>
        </test-method> <!-- setData -->
        <test-method status="PASS" signature="precondition(java.lang.String,java.lang.String,java.lang.String,java.lang.String)[pri:0, instance:assessments.week6.day1.DeleteLead@543e710e]" name="precondition" is-config="true" duration-ms="6461" started-at="2023-09-23T23:11:02 IST" finished-at="2023-09-23T23:11:09 IST">
          <params>
            <param index="0">
              <value>
                <![CDATA[Chrome]]>
              </value>
            </param>
            <param index="1">
              <value>
                <![CDATA[http://leaftaps.com/opentaps/control/main]]>
              </value>
            </param>
            <param index="2">
              <value>
                <![CDATA[Demosalesmanager]]>
              </value>
            </param>
            <param index="3">
              <value>
                <![CDATA[crmsfa]]>
              </value>
            </param>
          </params>
          <reporter-output>
          </reporter-output>
        </test-method> <!-- precondition -->
        <test-method status="PASS" signature="deleteLeadTestCase04(java.lang.String)[pri:0, instance:assessments.week6.day1.DeleteLead@543e710e]" name="deleteLeadTestCase04" duration-ms="15288" started-at="2023-09-23T23:11:09 IST" data-provider="dyno01" finished-at="2023-09-23T23:11:24 IST">
          <params>
            <param index="0">
              <value>
                <![CDATA[123]]>
              </value>
            </param>
          </params>
          <reporter-output>
          </reporter-output>
        </test-method> <!-- deleteLeadTestCase04 -->
        <test-method status="PASS" signature="postCondition()[pri:0, instance:assessments.week6.day1.DeleteLead@543e710e]" name="postCondition" is-config="true" duration-ms="685" started-at="2023-09-23T23:11:24 IST" finished-at="2023-09-23T23:11:25 IST">
          <reporter-output>
          </reporter-output>
        </test-method> <!-- postCondition -->
        <test-method status="PASS" signature="precondition(java.lang.String,java.lang.String,java.lang.String,java.lang.String)[pri:0, instance:assessments.week6.day1.DeleteLead@543e710e]" name="precondition" is-config="true" duration-ms="6795" started-at="2023-09-23T23:11:25 IST" finished-at="2023-09-23T23:11:32 IST">
          <params>
            <param index="0">
              <value>
                <![CDATA[Chrome]]>
              </value>
            </param>
            <param index="1">
              <value>
                <![CDATA[http://leaftaps.com/opentaps/control/main]]>
              </value>
            </param>
            <param index="2">
              <value>
                <![CDATA[Demosalesmanager]]>
              </value>
            </param>
            <param index="3">
              <value>
                <![CDATA[crmsfa]]>
              </value>
            </param>
          </params>
          <reporter-output>
          </reporter-output>
        </test-method> <!-- precondition -->
        <test-method status="PASS" signature="deleteLeadTestCase04(java.lang.String)[pri:0, instance:assessments.week6.day1.DeleteLead@543e710e]" name="deleteLeadTestCase04" duration-ms="15631" started-at="2023-09-23T23:11:32 IST" data-provider="dyno01" finished-at="2023-09-23T23:11:47 IST">
          <params>
            <param index="0">
              <value>
                <![CDATA[123]]>
              </value>
            </param>
          </params>
          <reporter-output>
          </reporter-output>
        </test-method> <!-- deleteLeadTestCase04 -->
        <test-method status="PASS" signature="postCondition()[pri:0, instance:assessments.week6.day1.DeleteLead@543e710e]" name="postCondition" is-config="true" duration-ms="732" started-at="2023-09-23T23:11:47 IST" finished-at="2023-09-23T23:11:48 IST">
          <reporter-output>
          </reporter-output>
        </test-method> <!-- postCondition -->
      </class> <!-- assessments.week6.day1.DeleteLead -->
      <class name="assessments.week6.day1.MergeLead">
        <test-method status="PASS" signature="setData()[pri:0, instance:assessments.week6.day1.MergeLead@5427c60c]" name="setData" is-config="true" duration-ms="0" started-at="2023-09-23T23:07:44 IST" finished-at="2023-09-23T23:07:44 IST">
          <reporter-output>
          </reporter-output>
        </test-method> <!-- setData -->
        <test-method status="PASS" signature="precondition(java.lang.String,java.lang.String,java.lang.String,java.lang.String)[pri:0, instance:assessments.week6.day1.MergeLead@5427c60c]" name="precondition" is-config="true" duration-ms="5116" started-at="2023-09-23T23:09:19 IST" finished-at="2023-09-23T23:09:24 IST">
          <params>
            <param index="0">
              <value>
                <![CDATA[Chrome]]>
              </value>
            </param>
            <param index="1">
              <value>
                <![CDATA[http://leaftaps.com/opentaps/control/main]]>
              </value>
            </param>
            <param index="2">
              <value>
                <![CDATA[Demosalesmanager]]>
              </value>
            </param>
            <param index="3">
              <value>
                <![CDATA[crmsfa]]>
              </value>
            </param>
          </params>
          <reporter-output>
          </reporter-output>
        </test-method> <!-- precondition -->
        <test-method status="PASS" signature="mergeLeadTestCase05(java.lang.String,java.lang.String)[pri:0, instance:assessments.week6.day1.MergeLead@5427c60c]" name="mergeLeadTestCase05" duration-ms="23511" started-at="2023-09-23T23:09:24 IST" data-provider="dyno01" finished-at="2023-09-23T23:09:48 IST">
          <params>
            <param index="0">
              <value>
                <![CDATA[Petchimuthu]]>
              </value>
            </param>
            <param index="1">
              <value>
                <![CDATA[Arief]]>
              </value>
            </param>
          </params>
          <reporter-output>
          </reporter-output>
        </test-method> <!-- mergeLeadTestCase05 -->
        <test-method status="PASS" signature="postCondition()[pri:0, instance:assessments.week6.day1.MergeLead@5427c60c]" name="postCondition" is-config="true" duration-ms="754" started-at="2023-09-23T23:09:48 IST" finished-at="2023-09-23T23:09:48 IST">
          <reporter-output>
          </reporter-output>
        </test-method> <!-- postCondition -->
        <test-method status="PASS" signature="precondition(java.lang.String,java.lang.String,java.lang.String,java.lang.String)[pri:0, instance:assessments.week6.day1.MergeLead@5427c60c]" name="precondition" is-config="true" duration-ms="6315" started-at="2023-09-23T23:09:48 IST" finished-at="2023-09-23T23:09:55 IST">
          <params>
            <param index="0">
              <value>
                <![CDATA[Chrome]]>
              </value>
            </param>
            <param index="1">
              <value>
                <![CDATA[http://leaftaps.com/opentaps/control/main]]>
              </value>
            </param>
            <param index="2">
              <value>
                <![CDATA[Demosalesmanager]]>
              </value>
            </param>
            <param index="3">
              <value>
                <![CDATA[crmsfa]]>
              </value>
            </param>
          </params>
          <reporter-output>
          </reporter-output>
        </test-method> <!-- precondition -->
        <test-method status="PASS" signature="mergeLeadTestCase05(java.lang.String,java.lang.String)[pri:0, instance:assessments.week6.day1.MergeLead@5427c60c]" name="mergeLeadTestCase05" duration-ms="22540" started-at="2023-09-23T23:09:55 IST" data-provider="dyno01" finished-at="2023-09-23T23:10:17 IST">
          <params>
            <param index="0">
              <value>
                <![CDATA[Petchimuthu]]>
              </value>
            </param>
            <param index="1">
              <value>
                <![CDATA[Hari]]>
              </value>
            </param>
          </params>
          <reporter-output>
          </reporter-output>
        </test-method> <!-- mergeLeadTestCase05 -->
        <test-method status="PASS" signature="postCondition()[pri:0, instance:assessments.week6.day1.MergeLead@5427c60c]" name="postCondition" is-config="true" duration-ms="692" started-at="2023-09-23T23:10:17 IST" finished-at="2023-09-23T23:10:18 IST">
          <reporter-output>
          </reporter-output>
        </test-method> <!-- postCondition -->
      </class> <!-- assessments.week6.day1.MergeLead -->
      <class name="assessments.week6.day1.DuplicateLead">
        <test-method status="PASS" signature="setData()[pri:0, instance:assessments.week6.day1.DuplicateLead@15bfd87]" name="setData" is-config="true" duration-ms="0" started-at="2023-09-23T23:07:44 IST" finished-at="2023-09-23T23:07:44 IST">
          <reporter-output>
          </reporter-output>
        </test-method> <!-- setData -->
        <test-method status="PASS" signature="precondition(java.lang.String,java.lang.String,java.lang.String,java.lang.String)[pri:0, instance:assessments.week6.day1.DuplicateLead@15bfd87]" name="precondition" is-config="true" duration-ms="5402" started-at="2023-09-23T23:10:18 IST" finished-at="2023-09-23T23:10:23 IST">
          <params>
            <param index="0">
              <value>
                <![CDATA[Chrome]]>
              </value>
            </param>
            <param index="1">
              <value>
                <![CDATA[http://leaftaps.com/opentaps/control/main]]>
              </value>
            </param>
            <param index="2">
              <value>
                <![CDATA[Demosalesmanager]]>
              </value>
            </param>
            <param index="3">
              <value>
                <![CDATA[crmsfa]]>
              </value>
            </param>
          </params>
          <reporter-output>
          </reporter-output>
        </test-method> <!-- precondition -->
        <test-method status="PASS" signature="duplicateLeadTestCase03(java.lang.String)[pri:0, instance:assessments.week6.day1.DuplicateLead@15bfd87]" name="duplicateLeadTestCase03" duration-ms="16048" started-at="2023-09-23T23:10:23 IST" data-provider="dyno01" finished-at="2023-09-23T23:10:39 IST">
          <params>
            <param index="0">
              <value>
                <![CDATA[test@gmail.com]]>
              </value>
            </param>
          </params>
          <reporter-output>
          </reporter-output>
        </test-method> <!-- duplicateLeadTestCase03 -->
        <test-method status="PASS" signature="postCondition()[pri:0, instance:assessments.week6.day1.DuplicateLead@15bfd87]" name="postCondition" is-config="true" duration-ms="704" started-at="2023-09-23T23:10:39 IST" finished-at="2023-09-23T23:10:40 IST">
          <reporter-output>
          </reporter-output>
        </test-method> <!-- postCondition -->
        <test-method status="PASS" signature="precondition(java.lang.String,java.lang.String,java.lang.String,java.lang.String)[pri:0, instance:assessments.week6.day1.DuplicateLead@15bfd87]" name="precondition" is-config="true" duration-ms="5665" started-at="2023-09-23T23:10:40 IST" finished-at="2023-09-23T23:10:46 IST">
          <params>
            <param index="0">
              <value>
                <![CDATA[Chrome]]>
              </value>
            </param>
            <param index="1">
              <value>
                <![CDATA[http://leaftaps.com/opentaps/control/main]]>
              </value>
            </param>
            <param index="2">
              <value>
                <![CDATA[Demosalesmanager]]>
              </value>
            </param>
            <param index="3">
              <value>
                <![CDATA[crmsfa]]>
              </value>
            </param>
          </params>
          <reporter-output>
          </reporter-output>
        </test-method> <!-- precondition -->
        <test-method status="PASS" signature="duplicateLeadTestCase03(java.lang.String)[pri:0, instance:assessments.week6.day1.DuplicateLead@15bfd87]" name="duplicateLeadTestCase03" duration-ms="15820" started-at="2023-09-23T23:10:46 IST" data-provider="dyno01" finished-at="2023-09-23T23:11:02 IST">
          <params>
            <param index="0">
              <value>
                <![CDATA[petchimuthu0891@gmail.com]]>
              </value>
            </param>
          </params>
          <reporter-output>
          </reporter-output>
        </test-method> <!-- duplicateLeadTestCase03 -->
        <test-method status="PASS" signature="postCondition()[pri:0, instance:assessments.week6.day1.DuplicateLead@15bfd87]" name="postCondition" is-config="true" duration-ms="688" started-at="2023-09-23T23:11:02 IST" finished-at="2023-09-23T23:11:02 IST">
          <reporter-output>
          </reporter-output>
        </test-method> <!-- postCondition -->
      </class> <!-- assessments.week6.day1.DuplicateLead -->
    </test> <!-- Test -->
  </suite> <!-- Suite -->
</testng-results>
